d:\design\video code\jm_debug\bin\ldecod.bsc
d:\design\video code\jm_debug\ldecod\debug\vc120.pdb
d:\design\video code\jm_debug\bin\annexb.sbr
d:\design\video code\jm_debug\bin\biaridecod.sbr
d:\design\video code\jm_debug\bin\block.sbr
d:\design\video code\jm_debug\bin\cabac.sbr
d:\design\video code\jm_debug\bin\context_ini.sbr
d:\design\video code\jm_debug\bin\erc_api.sbr
d:\design\video code\jm_debug\bin\erc_do_i.sbr
d:\design\video code\jm_debug\bin\erc_do_p.sbr
d:\design\video code\jm_debug\bin\errorconcealment.sbr
d:\design\video code\jm_debug\bin\filehandle.sbr
d:\design\video code\jm_debug\bin\fmo.sbr
d:\design\video code\jm_debug\bin\header.sbr
d:\design\video code\jm_debug\bin\image.sbr
d:\design\video code\jm_debug\bin\ldecod.sbr
d:\design\video code\jm_debug\bin\leaky_bucket.sbr
d:\design\video code\jm_debug\bin\loopfilter.sbr
d:\design\video code\jm_debug\bin\macroblock.sbr
d:\design\video code\jm_debug\bin\mbuffer.sbr
d:\design\video code\jm_debug\bin\mb_access.sbr
d:\design\video code\jm_debug\bin\memalloc.sbr
d:\design\video code\jm_debug\ldecod\debug\memalloc.obj
d:\design\video code\jm_debug\ldecod\debug\mb_access.obj
d:\design\video code\jm_debug\ldecod\debug\mbuffer.obj
d:\design\video code\jm_debug\ldecod\debug\macroblock.obj
d:\design\video code\jm_debug\ldecod\debug\loopfilter.obj
d:\design\video code\jm_debug\ldecod\debug\leaky_bucket.obj
d:\design\video code\jm_debug\ldecod\debug\ldecod.obj
d:\design\video code\jm_debug\ldecod\debug\image.obj
d:\design\video code\jm_debug\ldecod\debug\header.obj
d:\design\video code\jm_debug\ldecod\debug\fmo.obj
d:\design\video code\jm_debug\ldecod\debug\filehandle.obj
d:\design\video code\jm_debug\ldecod\debug\errorconcealment.obj
d:\design\video code\jm_debug\ldecod\debug\erc_do_p.obj
d:\design\video code\jm_debug\ldecod\debug\erc_do_i.obj
d:\design\video code\jm_debug\ldecod\debug\erc_api.obj
d:\design\video code\jm_debug\ldecod\debug\context_ini.obj
d:\design\video code\jm_debug\ldecod\debug\cabac.obj
d:\design\video code\jm_debug\ldecod\debug\block.obj
d:\design\video code\jm_debug\ldecod\debug\biaridecod.obj
d:\design\video code\jm_debug\ldecod\debug\annexb.obj
d:\design\video code\jm_debug\bin\nal.sbr
d:\design\video code\jm_debug\bin\nalu.sbr
d:\design\video code\jm_debug\bin\nalucommon.sbr
d:\design\video code\jm_debug\bin\nal_part.sbr
d:\design\video code\jm_debug\bin\output.sbr
d:\design\video code\jm_debug\bin\parset.sbr
d:\design\video code\jm_debug\bin\parsetcommon.sbr
d:\design\video code\jm_debug\bin\rtp.sbr
d:\design\video code\jm_debug\bin\sei.sbr
d:\design\video code\jm_debug\bin\vlc.sbr
d:\design\video code\jm_debug\ldecod\debug\vlc.obj
d:\design\video code\jm_debug\ldecod\debug\sei.obj
d:\design\video code\jm_debug\ldecod\debug\rtp.obj
d:\design\video code\jm_debug\ldecod\debug\parsetcommon.obj
d:\design\video code\jm_debug\ldecod\debug\parset.obj
d:\design\video code\jm_debug\ldecod\debug\output.obj
d:\design\video code\jm_debug\ldecod\debug\nal_part.obj
d:\design\video code\jm_debug\ldecod\debug\nalucommon.obj
d:\design\video code\jm_debug\ldecod\debug\nalu.obj
d:\design\video code\jm_debug\ldecod\debug\nal.obj
d:\design\video code\jm_debug\bin\ldecod.ilk
d:\design\video code\jm_debug\bin\ldecod.exe
d:\design\video code\jm_debug\ldecod\debug\ldecod.pdb
d:\design\video code\project\util_jm86\project\.\bin\ldecod.exe
d:\design\video code\project\util_jm86\project\bin\ldecod.tlog\bscmake.command.1.tlog
d:\design\video code\project\util_jm86\project\bin\ldecod.tlog\bscmake.read.1.tlog
d:\design\video code\project\util_jm86\project\bin\ldecod.tlog\bscmake.write.1.tlog
d:\design\video code\project\util_jm86\project\bin\ldecod.tlog\cl.command.1.tlog
d:\design\video code\project\util_jm86\project\bin\ldecod.tlog\cl.read.1.tlog
d:\design\video code\project\util_jm86\project\bin\ldecod.tlog\cl.write.1.tlog
d:\design\video code\project\util_jm86\project\bin\ldecod.tlog\link.command.1.tlog
d:\design\video code\project\util_jm86\project\bin\ldecod.tlog\link.read.1.tlog
d:\design\video code\project\util_jm86\project\bin\ldecod.tlog\link.write.1.tlog
