生成启动时间为 2016/12/8 22:03:28。
     1>项目“D:\DESIGN\video code\project\util_jm86\project\lencod.vcxproj”在节点 2 上(Build 个目标)。
     1>C:\Program Files (x86)\MSBuild\Microsoft.Cpp\v4.0\V120\Microsoft.CppBuild.targets(363,5): warning MSB8004: Intermediate Directory does not end with a trailing slash.  This build instance will add the slash as it is required to allow proper evaluation of the Intermediate Directory.
     1>C:\Program Files (x86)\MSBuild\Microsoft.Cpp\v4.0\V120\Microsoft.CppBuild.targets(364,5): warning MSB8004: Output Directory does not end with a trailing slash.  This build instance will add the slash as it is required to allow proper evaluation of the Output Directory.
     1>ClCompile:
         D:\DesignTool\vs2013\VC\bin\CL.exe /c /Ilencod/inc /Ilcommon/inc /I"D:\DESIGN\video code\project\util_jm86\project\user\inc" /ZI /nologo /W3 /WX- /Od /Oy- /D WIN32 /D _DEBUG /D _CONSOLE /D _MBCS /Gm- /EHsc /RTC1 /MTd /GS /fp:precise /Zc:wchar_t /Zc:forScope /Fo".\lencod/Debug/" /Fd".\lencod/Debug/vc120.pdb" /FR".\bin\\" /Gd /TC /analyze- /errorReport:prompt lencod\src\rdopt.c
         rdopt.c
       Link:
         D:\DesignTool\vs2013\VC\bin\link.exe /ERRORREPORT:PROMPT /OUT:"./bin/lencod.exe" /INCREMENTAL /NOLOGO opencv_calib3d2410d.lib opencv_contrib2410d.lib opencv_core2410d.lib opencv_features2d2410d.lib opencv_flann2410d.lib opencv_gpu2410d.lib opencv_highgui2410d.lib opencv_imgproc2410d.lib opencv_legacy2410d.lib opencv_ml2410d.lib opencv_nonfree2410d.lib opencv_objdetect2410d.lib opencv_ocl2410d.lib opencv_photo2410d.lib opencv_stitching2410d.lib opencv_superres2410d.lib opencv_ts2410d.lib opencv_video2410d.lib opencv_videostab2410d.lib kernel32.lib user32.lib gdi32.lib winspool.lib comdlg32.lib advapi32.lib shell32.lib ole32.lib oleaut32.lib uuid.lib odbc32.lib odbccp32.lib /MANIFEST /MANIFESTUAC:"level='asInvoker' uiAccess='false'" /manifest:embed /DEBUG /PDB:".\lencod/Debug/lencod.pdb" /SUBSYSTEM:CONSOLE /TLBID:1 /DYNAMICBASE /NXCOMPAT /IMPLIB:".\bin\lencod.lib" /MACHINE:X86 /SAFESEH .\bin\lencod.res
         .\lencod/Debug/annexb.obj
         .\lencod/Debug/biariencode.obj
         .\lencod/Debug/block.obj
         .\lencod/Debug/cabac.obj
         .\lencod/Debug/configfile.obj
         .\lencod/Debug/context_ini.obj
         .\lencod/Debug/decoder.obj
         .\lencod/Debug/fast_me.obj
         .\lencod/Debug/filehandle.obj
         .\lencod/Debug/fmo.obj
         .\lencod/Debug/header.obj
         .\lencod/Debug/image.obj
         .\lencod/Debug/intrarefresh.obj
         .\lencod/Debug/leaky_bucket.obj
         .\lencod/Debug/lencod.obj
         .\lencod/Debug/loopFilter.obj
         .\lencod/Debug/macroblock.obj
         .\lencod/Debug/mbuffer.obj
         .\lencod/Debug/mb_access.obj
         .\lencod/Debug/memalloc.obj
         ".\lencod/Debug/mv-search.obj"
         .\lencod/Debug/nal.obj
         .\lencod/Debug/nalu.obj
         .\lencod/Debug/nalucommon.obj
         .\lencod/Debug/output.obj
         .\lencod/Debug/parset.obj
         .\lencod/Debug/parsetcommon.obj
         .\lencod/Debug/ratectl.obj
         .\lencod/Debug/rdopt.obj
         .\lencod/Debug/rdopt_coding_state.obj
         .\lencod/Debug/refbuf.obj
         .\lencod/Debug/rtp.obj
         .\lencod/Debug/sei.obj
         .\lencod/Debug/slice.obj
         .\lencod/Debug/vlc.obj
         .\lencod/Debug/weighted_prediction.obj
         .\lencod/Debug/event.obj
         .\lencod/Debug/util.obj
     1>annexb.obj : warning LNK4075: 忽略“/EDITANDCONTINUE”(由于“/SAFESEH”规范)
         lencod.vcxproj -> D:\DESIGN\video code\project\util_jm86\project\.\bin\lencod.exe
       BscMake:
         D:\DesignTool\vs2013\VC\bin\bscmake.exe /nologo /o".\bin\lencod.bsc" .\bin\annexb.sbr .\bin\biariencode.sbr .\bin\block.sbr .\bin\cabac.sbr .\bin\configfile.sbr .\bin\context_ini.sbr .\bin\decoder.sbr .\bin\fast_me.sbr .\bin\filehandle.sbr .\bin\fmo.sbr .\bin\header.sbr .\bin\image.sbr .\bin\intrarefresh.sbr .\bin\leaky_bucket.sbr .\bin\lencod.sbr .\bin\loopFilter.sbr .\bin\macroblock.sbr .\bin\mbuffer.sbr .\bin\mb_access.sbr .\bin\memalloc.sbr ".\bin\mv-search.sbr" .\bin\nal.sbr .\bin\nalu.sbr .\bin\nalucommon.sbr .\bin\output.sbr .\bin\parset.sbr .\bin\parsetcommon.sbr .\bin\ratectl.sbr .\bin\rdopt.sbr .\bin\rdopt_coding_state.sbr .\bin\refbuf.sbr .\bin\rtp.sbr .\bin\sei.sbr .\bin\slice.sbr .\bin\vlc.sbr .\bin\weighted_prediction.sbr .\bin\event.sbr .\bin\util.sbr
     1>已完成生成项目“D:\DESIGN\video code\project\util_jm86\project\lencod.vcxproj”(Build 个目标)的操作。

生成成功。

已用时间 00:00:01.48
