生成启动时间为 2015/8/12 10:15:07。
     1>项目“D:\DESIGN\video code\JM_debug\lencod.vcxproj”在节点 2 上(build 个目标)。
     1>InitializeBuildStatus:
         正在创建“.bin\lencod.unsuccessfulbuild”，因为已指定“AlwaysCreate”。
       MakeDirsForCl:
         正在创建目录“D:\DESIGN\video code\JM_debug\.\lencod\Debug”。
       ClCompile:
         d:\DesignTool\vs2010\VC\bin\CL.exe /c /Ilencod/inc /Ilcommon/inc /ZI /nologo /W3 /WX- /Od /Oy- /D WIN32 /D _DEBUG /D _CONSOLE /D _VC80_UPGRADE=0x0600 /D _MBCS /Gm- /EHsc /RTC1 /MTd /GS /Gy- /fp:precise /Zc:wchar_t /Zc:forScope /Fo".\lencod/Debug\\" /Fd".\lencod/Debug\vc100.pdb" /FR".bin\\" /Gd /TC /analyze- /errorReport:prompt lencod\src\annexb.c lencod\src\biariencode.c lencod\src\block.c lencod\src\cabac.c lencod\src\configfile.c lencod\src\context_ini.c lencod\src\decoder.c lencod\src\fast_me.c lencod\src\filehandle.c lencod\src\fmo.c lencod\src\header.c lencod\src\image.c lencod\src\intrarefresh.c lencod\src\leaky_bucket.c lencod\src\lencod.c lencod\src\loopFilter.c lencod\src\macroblock.c lencod\src\mb_access.c lencod\src\mbuffer.c lencod\src\memalloc.c "lencod\src\mv-search.c" lencod\src\nal.c lencod\src\nalu.c lencod\src\nalucommon.c lencod\src\output.c lencod\src\parset.c lencod\src\parsetcommon.c lencod\src\ratectl.c lencod\src\rdopt.c lencod\src\rdopt_coding_state.c lencod\src\refbuf.c lencod\src\rtp.c lencod\src\sei.c lencod\src\slice.c lencod\src\vlc.c lencod\src\weighted_prediction.c
         annexb.c
     1>d:\design\video code\jm_debug\lencod\src\annexb.c(94): warning C4996: 'fopen': This function or variable may be unsafe. Consider using fopen_s instead. To disable deprecation, use _CRT_SECURE_NO_WARNINGS. See online help for details.
                 d:\designtool\vs2010\vc\include\stdio.h(234) : 参见“fopen”的声明
         biariencode.c
     1>d:\design\video code\jm_debug\lencod\src\biariencode.c(79): warning C4996: '_snprintf': This function or variable may be unsafe. Consider using _snprintf_s instead. To disable deprecation, use _CRT_SECURE_NO_WARNINGS. See online help for details.
                 d:\designtool\vs2010\vc\include\stdio.h(363) : 参见“_snprintf”的声明
         block.c
     1>d:\design\video code\jm_debug\lencod\inc\contributors.h : warning C4819: 该文件包含不能在当前代码页(936)中表示的字符。请将该文件保存为 Unicode 格式以防止数据丢失
         cabac.c
         configfile.c
     1>d:\design\video code\jm_debug\lencod\src\configfile.c(231): warning C4996: '_snprintf': This function or variable may be unsafe. Consider using _snprintf_s instead. To disable deprecation, use _CRT_SECURE_NO_WARNINGS. See online help for details.
                 d:\designtool\vs2010\vc\include\stdio.h(363) : 参见“_snprintf”的声明
     1>d:\design\video code\jm_debug\lencod\src\configfile.c(255): warning C4996: 'fopen': This function or variable may be unsafe. Consider using fopen_s instead. To disable deprecation, use _CRT_SECURE_NO_WARNINGS. See online help for details.
                 d:\designtool\vs2010\vc\include\stdio.h(234) : 参见“fopen”的声明
     1>d:\design\video code\jm_debug\lencod\src\configfile.c(257): warning C4996: '_snprintf': This function or variable may be unsafe. Consider using _snprintf_s instead. To disable deprecation, use _CRT_SECURE_NO_WARNINGS. See online help for details.
                 d:\designtool\vs2010\vc\include\stdio.h(363) : 参见“_snprintf”的声明
     1>d:\design\video code\jm_debug\lencod\src\configfile.c(263): warning C4996: '_snprintf': This function or variable may be unsafe. Consider using _snprintf_s instead. To disable deprecation, use _CRT_SECURE_NO_WARNINGS. See online help for details.
                 d:\designtool\vs2010\vc\include\stdio.h(363) : 参见“_snprintf”的声明
     1>d:\design\video code\jm_debug\lencod\src\configfile.c(270): warning C4996: '_snprintf': This function or variable may be unsafe. Consider using _snprintf_s instead. To disable deprecation, use _CRT_SECURE_NO_WARNINGS. See online help for details.
                 d:\designtool\vs2010\vc\include\stdio.h(363) : 参见“_snprintf”的声明
     1>d:\design\video code\jm_debug\lencod\src\configfile.c(275): warning C4996: '_snprintf': This function or variable may be unsafe. Consider using _snprintf_s instead. To disable deprecation, use _CRT_SECURE_NO_WARNINGS. See online help for details.
                 d:\designtool\vs2010\vc\include\stdio.h(363) : 参见“_snprintf”的声明
     1>d:\design\video code\jm_debug\lencod\src\configfile.c(380): warning C4996: '_snprintf': This function or variable may be unsafe. Consider using _snprintf_s instead. To disable deprecation, use _CRT_SECURE_NO_WARNINGS. See online help for details.
                 d:\designtool\vs2010\vc\include\stdio.h(363) : 参见“_snprintf”的声明
     1>d:\design\video code\jm_debug\lencod\src\configfile.c(385): warning C4996: '_snprintf': This function or variable may be unsafe. Consider using _snprintf_s instead. To disable deprecation, use _CRT_SECURE_NO_WARNINGS. See online help for details.
                 d:\designtool\vs2010\vc\include\stdio.h(363) : 参见“_snprintf”的声明
     1>d:\design\video code\jm_debug\lencod\src\configfile.c(394): warning C4996: 'sscanf': This function or variable may be unsafe. Consider using sscanf_s instead. To disable deprecation, use _CRT_SECURE_NO_WARNINGS. See online help for details.
                 d:\designtool\vs2010\vc\include\stdio.h(325) : 参见“sscanf”的声明
     1>d:\design\video code\jm_debug\lencod\src\configfile.c(396): warning C4996: '_snprintf': This function or variable may be unsafe. Consider using _snprintf_s instead. To disable deprecation, use _CRT_SECURE_NO_WARNINGS. See online help for details.
                 d:\designtool\vs2010\vc\include\stdio.h(363) : 参见“_snprintf”的声明
     1>d:\design\video code\jm_debug\lencod\src\configfile.c(403): warning C4996: 'strcpy': This function or variable may be unsafe. Consider using strcpy_s instead. To disable deprecation, use _CRT_SECURE_NO_WARNINGS. See online help for details.
                 d:\designtool\vs2010\vc\include\string.h(105) : 参见“strcpy”的声明
     1>d:\design\video code\jm_debug\lencod\src\configfile.c(407): warning C4996: 'sscanf': This function or variable may be unsafe. Consider using sscanf_s instead. To disable deprecation, use _CRT_SECURE_NO_WARNINGS. See online help for details.
                 d:\designtool\vs2010\vc\include\stdio.h(325) : 参见“sscanf”的声明
     1>d:\design\video code\jm_debug\lencod\src\configfile.c(409): warning C4996: '_snprintf': This function or variable may be unsafe. Consider using _snprintf_s instead. To disable deprecation, use _CRT_SECURE_NO_WARNINGS. See online help for details.
                 d:\designtool\vs2010\vc\include\stdio.h(363) : 参见“_snprintf”的声明
     1>d:\design\video code\jm_debug\lencod\src\configfile.c(486): warning C4996: '_snprintf': This function or variable may be unsafe. Consider using _snprintf_s instead. To disable deprecation, use _CRT_SECURE_NO_WARNINGS. See online help for details.
                 d:\designtool\vs2010\vc\include\stdio.h(363) : 参见“_snprintf”的声明
     1>d:\design\video code\jm_debug\lencod\src\configfile.c(492): warning C4996: '_snprintf': This function or variable may be unsafe. Consider using _snprintf_s instead. To disable deprecation, use _CRT_SECURE_NO_WARNINGS. See online help for details.
                 d:\designtool\vs2010\vc\include\stdio.h(363) : 参见“_snprintf”的声明
     1>d:\design\video code\jm_debug\lencod\src\configfile.c(498): warning C4996: '_snprintf': This function or variable may be unsafe. Consider using _snprintf_s instead. To disable deprecation, use _CRT_SECURE_NO_WARNINGS. See online help for details.
                 d:\designtool\vs2010\vc\include\stdio.h(363) : 参见“_snprintf”的声明
     1>d:\design\video code\jm_debug\lencod\src\configfile.c(504): warning C4996: '_snprintf': This function or variable may be unsafe. Consider using _snprintf_s instead. To disable deprecation, use _CRT_SECURE_NO_WARNINGS. See online help for details.
                 d:\designtool\vs2010\vc\include\stdio.h(363) : 参见“_snprintf”的声明
     1>d:\design\video code\jm_debug\lencod\src\configfile.c(510): warning C4996: '_snprintf': This function or variable may be unsafe. Consider using _snprintf_s instead. To disable deprecation, use _CRT_SECURE_NO_WARNINGS. See online help for details.
                 d:\designtool\vs2010\vc\include\stdio.h(363) : 参见“_snprintf”的声明
     1>d:\design\video code\jm_debug\lencod\src\configfile.c(516): warning C4996: '_snprintf': This function or variable may be unsafe. Consider using _snprintf_s instead. To disable deprecation, use _CRT_SECURE_NO_WARNINGS. See online help for details.
                 d:\designtool\vs2010\vc\include\stdio.h(363) : 参见“_snprintf”的声明
     1>d:\design\video code\jm_debug\lencod\src\configfile.c(524): warning C4996: '_snprintf': This function or variable may be unsafe. Consider using _snprintf_s instead. To disable deprecation, use _CRT_SECURE_NO_WARNINGS. See online help for details.
                 d:\designtool\vs2010\vc\include\stdio.h(363) : 参见“_snprintf”的声明
     1>d:\design\video code\jm_debug\lencod\src\configfile.c(529): warning C4996: '_snprintf': This function or variable may be unsafe. Consider using _snprintf_s instead. To disable deprecation, use _CRT_SECURE_NO_WARNINGS. See online help for details.
                 d:\designtool\vs2010\vc\include\stdio.h(363) : 参见“_snprintf”的声明
     1>d:\design\video code\jm_debug\lencod\src\configfile.c(534): warning C4996: '_snprintf': This function or variable may be unsafe. Consider using _snprintf_s instead. To disable deprecation, use _CRT_SECURE_NO_WARNINGS. See online help for details.
                 d:\designtool\vs2010\vc\include\stdio.h(363) : 参见“_snprintf”的声明
     1>d:\design\video code\jm_debug\lencod\src\configfile.c(539): warning C4996: '_snprintf': This function or variable may be unsafe. Consider using _snprintf_s instead. To disable deprecation, use _CRT_SECURE_NO_WARNINGS. See online help for details.
                 d:\designtool\vs2010\vc\include\stdio.h(363) : 参见“_snprintf”的声明
     1>d:\design\video code\jm_debug\lencod\src\configfile.c(547): warning C4996: '_snprintf': This function or variable may be unsafe. Consider using _snprintf_s instead. To disable deprecation, use _CRT_SECURE_NO_WARNINGS. See online help for details.
                 d:\designtool\vs2010\vc\include\stdio.h(363) : 参见“_snprintf”的声明
     1>d:\design\video code\jm_debug\lencod\src\configfile.c(553): warning C4996: '_snprintf': This function or variable may be unsafe. Consider using _snprintf_s instead. To disable deprecation, use _CRT_SECURE_NO_WARNINGS. See online help for details.
                 d:\designtool\vs2010\vc\include\stdio.h(363) : 参见“_snprintf”的声明
     1>d:\design\video code\jm_debug\lencod\src\configfile.c(565): warning C4996: '_snprintf': This function or variable may be unsafe. Consider using _snprintf_s instead. To disable deprecation, use _CRT_SECURE_NO_WARNINGS. See online help for details.
                 d:\designtool\vs2010\vc\include\stdio.h(363) : 参见“_snprintf”的声明
     1>d:\design\video code\jm_debug\lencod\src\configfile.c(573): warning C4996: '_snprintf': This function or variable may be unsafe. Consider using _snprintf_s instead. To disable deprecation, use _CRT_SECURE_NO_WARNINGS. See online help for details.
                 d:\designtool\vs2010\vc\include\stdio.h(363) : 参见“_snprintf”的声明
     1>d:\design\video code\jm_debug\lencod\src\configfile.c(581): warning C4996: '_snprintf': This function or variable may be unsafe. Consider using _snprintf_s instead. To disable deprecation, use _CRT_SECURE_NO_WARNINGS. See online help for details.
                 d:\designtool\vs2010\vc\include\stdio.h(363) : 参见“_snprintf”的声明
     1>d:\design\video code\jm_debug\lencod\src\configfile.c(587): warning C4996: '_snprintf': This function or variable may be unsafe. Consider using _snprintf_s instead. To disable deprecation, use _CRT_SECURE_NO_WARNINGS. See online help for details.
                 d:\designtool\vs2010\vc\include\stdio.h(363) : 参见“_snprintf”的声明
     1>d:\design\video code\jm_debug\lencod\src\configfile.c(630): warning C4996: '_snprintf': This function or variable may be unsafe. Consider using _snprintf_s instead. To disable deprecation, use _CRT_SECURE_NO_WARNINGS. See online help for details.
                 d:\designtool\vs2010\vc\include\stdio.h(363) : 参见“_snprintf”的声明
     1>d:\design\video code\jm_debug\lencod\src\configfile.c(636): warning C4996: '_snprintf': This function or variable may be unsafe. Consider using _snprintf_s instead. To disable deprecation, use _CRT_SECURE_NO_WARNINGS. See online help for details.
                 d:\designtool\vs2010\vc\include\stdio.h(363) : 参见“_snprintf”的声明
     1>d:\design\video code\jm_debug\lencod\src\configfile.c(643): warning C4996: '_snprintf': This function or variable may be unsafe. Consider using _snprintf_s instead. To disable deprecation, use _CRT_SECURE_NO_WARNINGS. See online help for details.
                 d:\designtool\vs2010\vc\include\stdio.h(363) : 参见“_snprintf”的声明
     1>d:\design\video code\jm_debug\lencod\src\configfile.c(650): warning C4996: '_snprintf': This function or variable may be unsafe. Consider using _snprintf_s instead. To disable deprecation, use _CRT_SECURE_NO_WARNINGS. See online help for details.
                 d:\designtool\vs2010\vc\include\stdio.h(363) : 参见“_snprintf”的声明
     1>d:\design\video code\jm_debug\lencod\src\configfile.c(665): warning C4996: '_snprintf': This function or variable may be unsafe. Consider using _snprintf_s instead. To disable deprecation, use _CRT_SECURE_NO_WARNINGS. See online help for details.
                 d:\designtool\vs2010\vc\include\stdio.h(363) : 参见“_snprintf”的声明
     1>d:\design\video code\jm_debug\lencod\src\configfile.c(672): warning C4996: '_snprintf': This function or variable may be unsafe. Consider using _snprintf_s instead. To disable deprecation, use _CRT_SECURE_NO_WARNINGS. See online help for details.
                 d:\designtool\vs2010\vc\include\stdio.h(363) : 参见“_snprintf”的声明
     1>d:\design\video code\jm_debug\lencod\src\configfile.c(677): warning C4996: 'fopen': This function or variable may be unsafe. Consider using fopen_s instead. To disable deprecation, use _CRT_SECURE_NO_WARNINGS. See online help for details.
                 d:\designtool\vs2010\vc\include\stdio.h(234) : 参见“fopen”的声明
     1>d:\design\video code\jm_debug\lencod\src\configfile.c(679): warning C4996: '_snprintf': This function or variable may be unsafe. Consider using _snprintf_s instead. To disable deprecation, use _CRT_SECURE_NO_WARNINGS. See online help for details.
                 d:\designtool\vs2010\vc\include\stdio.h(363) : 参见“_snprintf”的声明
     1>d:\design\video code\jm_debug\lencod\src\configfile.c(683): warning C4996: 'fopen': This function or variable may be unsafe. Consider using fopen_s instead. To disable deprecation, use _CRT_SECURE_NO_WARNINGS. See online help for details.
                 d:\designtool\vs2010\vc\include\stdio.h(234) : 参见“fopen”的声明
     1>d:\design\video code\jm_debug\lencod\src\configfile.c(685): warning C4996: '_snprintf': This function or variable may be unsafe. Consider using _snprintf_s instead. To disable deprecation, use _CRT_SECURE_NO_WARNINGS. See online help for details.
                 d:\designtool\vs2010\vc\include\stdio.h(363) : 参见“_snprintf”的声明
     1>d:\design\video code\jm_debug\lencod\src\configfile.c(689): warning C4996: 'fopen': This function or variable may be unsafe. Consider using fopen_s instead. To disable deprecation, use _CRT_SECURE_NO_WARNINGS. See online help for details.
                 d:\designtool\vs2010\vc\include\stdio.h(234) : 参见“fopen”的声明
     1>d:\design\video code\jm_debug\lencod\src\configfile.c(691): warning C4996: '_snprintf': This function or variable may be unsafe. Consider using _snprintf_s instead. To disable deprecation, use _CRT_SECURE_NO_WARNINGS. See online help for details.
                 d:\designtool\vs2010\vc\include\stdio.h(363) : 参见“_snprintf”的声明
     1>d:\design\video code\jm_debug\lencod\src\configfile.c(699): warning C4996: '_snprintf': This function or variable may be unsafe. Consider using _snprintf_s instead. To disable deprecation, use _CRT_SECURE_NO_WARNINGS. See online help for details.
                 d:\designtool\vs2010\vc\include\stdio.h(363) : 参见“_snprintf”的声明
     1>d:\design\video code\jm_debug\lencod\src\configfile.c(709): warning C4996: 'fopen': This function or variable may be unsafe. Consider using fopen_s instead. To disable deprecation, use _CRT_SECURE_NO_WARNINGS. See online help for details.
                 d:\designtool\vs2010\vc\include\stdio.h(234) : 参见“fopen”的声明
     1>d:\design\video code\jm_debug\lencod\src\configfile.c(711): warning C4996: '_snprintf': This function or variable may be unsafe. Consider using _snprintf_s instead. To disable deprecation, use _CRT_SECURE_NO_WARNINGS. See online help for details.
                 d:\designtool\vs2010\vc\include\stdio.h(363) : 参见“_snprintf”的声明
     1>d:\design\video code\jm_debug\lencod\src\configfile.c(724): warning C4996: 'fscanf': This function or variable may be unsafe. Consider using fscanf_s instead. To disable deprecation, use _CRT_SECURE_NO_WARNINGS. See online help for details.
                 d:\designtool\vs2010\vc\include\stdio.h(253) : 参见“fscanf”的声明
     1>d:\design\video code\jm_debug\lencod\src\configfile.c(725): warning C4996: 'fscanf': This function or variable may be unsafe. Consider using fscanf_s instead. To disable deprecation, use _CRT_SECURE_NO_WARNINGS. See online help for details.
                 d:\designtool\vs2010\vc\include\stdio.h(253) : 参见“fscanf”的声明
     1>d:\design\video code\jm_debug\lencod\src\configfile.c(737): warning C4996: 'fscanf': This function or variable may be unsafe. Consider using fscanf_s instead. To disable deprecation, use _CRT_SECURE_NO_WARNINGS. See online help for details.
                 d:\designtool\vs2010\vc\include\stdio.h(253) : 参见“fscanf”的声明
     1>d:\design\video code\jm_debug\lencod\src\configfile.c(738): warning C4996: 'fscanf': This function or variable may be unsafe. Consider using fscanf_s instead. To disable deprecation, use _CRT_SECURE_NO_WARNINGS. See online help for details.
                 d:\designtool\vs2010\vc\include\stdio.h(253) : 参见“fscanf”的声明
     1>d:\design\video code\jm_debug\lencod\src\configfile.c(739): warning C4996: 'fscanf': This function or variable may be unsafe. Consider using fscanf_s instead. To disable deprecation, use _CRT_SECURE_NO_WARNINGS. See online help for details.
                 d:\designtool\vs2010\vc\include\stdio.h(253) : 参见“fscanf”的声明
     1>d:\design\video code\jm_debug\lencod\src\configfile.c(740): warning C4996: 'fscanf': This function or variable may be unsafe. Consider using fscanf_s instead. To disable deprecation, use _CRT_SECURE_NO_WARNINGS. See online help for details.
                 d:\designtool\vs2010\vc\include\stdio.h(253) : 参见“fscanf”的声明
     1>d:\design\video code\jm_debug\lencod\src\configfile.c(756): warning C4996: 'fscanf': This function or variable may be unsafe. Consider using fscanf_s instead. To disable deprecation, use _CRT_SECURE_NO_WARNINGS. See online help for details.
                 d:\designtool\vs2010\vc\include\stdio.h(253) : 参见“fscanf”的声明
     1>d:\design\video code\jm_debug\lencod\src\configfile.c(759): warning C4996: '_snprintf': This function or variable may be unsafe. Consider using _snprintf_s instead. To disable deprecation, use _CRT_SECURE_NO_WARNINGS. See online help for details.
                 d:\designtool\vs2010\vc\include\stdio.h(363) : 参见“_snprintf”的声明
     1>d:\design\video code\jm_debug\lencod\src\configfile.c(762): warning C4996: 'fscanf': This function or variable may be unsafe. Consider using fscanf_s instead. To disable deprecation, use _CRT_SECURE_NO_WARNINGS. See online help for details.
                 d:\designtool\vs2010\vc\include\stdio.h(253) : 参见“fscanf”的声明
     1>d:\design\video code\jm_debug\lencod\src\configfile.c(773): warning C4996: '_snprintf': This function or variable may be unsafe. Consider using _snprintf_s instead. To disable deprecation, use _CRT_SECURE_NO_WARNINGS. See online help for details.
                 d:\designtool\vs2010\vc\include\stdio.h(363) : 参见“_snprintf”的声明
     1>d:\design\video code\jm_debug\lencod\src\configfile.c(780): warning C4996: '_snprintf': This function or variable may be unsafe. Consider using _snprintf_s instead. To disable deprecation, use _CRT_SECURE_NO_WARNINGS. See online help for details.
                 d:\designtool\vs2010\vc\include\stdio.h(363) : 参见“_snprintf”的声明
     1>d:\design\video code\jm_debug\lencod\src\configfile.c(786): warning C4996: '_snprintf': This function or variable may be unsafe. Consider using _snprintf_s instead. To disable deprecation, use _CRT_SECURE_NO_WARNINGS. See online help for details.
                 d:\designtool\vs2010\vc\include\stdio.h(363) : 参见“_snprintf”的声明
     1>d:\design\video code\jm_debug\lencod\src\configfile.c(792): warning C4996: '_snprintf': This function or variable may be unsafe. Consider using _snprintf_s instead. To disable deprecation, use _CRT_SECURE_NO_WARNINGS. See online help for details.
                 d:\designtool\vs2010\vc\include\stdio.h(363) : 参见“_snprintf”的声明
     1>d:\design\video code\jm_debug\lencod\src\configfile.c(800): warning C4996: '_snprintf': This function or variable may be unsafe. Consider using _snprintf_s instead. To disable deprecation, use _CRT_SECURE_NO_WARNINGS. See online help for details.
                 d:\designtool\vs2010\vc\include\stdio.h(363) : 参见“_snprintf”的声明
     1>d:\design\video code\jm_debug\lencod\src\configfile.c(807): warning C4996: '_snprintf': This function or variable may be unsafe. Consider using _snprintf_s instead. To disable deprecation, use _CRT_SECURE_NO_WARNINGS. See online help for details.
                 d:\designtool\vs2010\vc\include\stdio.h(363) : 参见“_snprintf”的声明
     1>d:\design\video code\jm_debug\lencod\src\configfile.c(817): warning C4996: '_snprintf': This function or variable may be unsafe. Consider using _snprintf_s instead. To disable deprecation, use _CRT_SECURE_NO_WARNINGS. See online help for details.
                 d:\designtool\vs2010\vc\include\stdio.h(363) : 参见“_snprintf”的声明
     1>d:\design\video code\jm_debug\lencod\src\configfile.c(823): warning C4996: '_snprintf': This function or variable may be unsafe. Consider using _snprintf_s instead. To disable deprecation, use _CRT_SECURE_NO_WARNINGS. See online help for details.
                 d:\designtool\vs2010\vc\include\stdio.h(363) : 参见“_snprintf”的声明
     1>d:\design\video code\jm_debug\lencod\src\configfile.c(830): warning C4996: '_snprintf': This function or variable may be unsafe. Consider using _snprintf_s instead. To disable deprecation, use _CRT_SECURE_NO_WARNINGS. See online help for details.
                 d:\designtool\vs2010\vc\include\stdio.h(363) : 参见“_snprintf”的声明
     1>d:\design\video code\jm_debug\lencod\src\configfile.c(837): warning C4996: '_snprintf': This function or variable may be unsafe. Consider using _snprintf_s instead. To disable deprecation, use _CRT_SECURE_NO_WARNINGS. See online help for details.
                 d:\designtool\vs2010\vc\include\stdio.h(363) : 参见“_snprintf”的声明
     1>d:\design\video code\jm_debug\lencod\src\configfile.c(848): warning C4996: '_snprintf': This function or variable may be unsafe. Consider using _snprintf_s instead. To disable deprecation, use _CRT_SECURE_NO_WARNINGS. See online help for details.
                 d:\designtool\vs2010\vc\include\stdio.h(363) : 参见“_snprintf”的声明
     1>d:\design\video code\jm_debug\lencod\src\configfile.c(864): warning C4996: '_snprintf': This function or variable may be unsafe. Consider using _snprintf_s instead. To disable deprecation, use _CRT_SECURE_NO_WARNINGS. See online help for details.
                 d:\designtool\vs2010\vc\include\stdio.h(363) : 参见“_snprintf”的声明
     1>d:\design\video code\jm_debug\lencod\src\configfile.c(898): warning C4996: '_snprintf': This function or variable may be unsafe. Consider using _snprintf_s instead. To disable deprecation, use _CRT_SECURE_NO_WARNINGS. See online help for details.
                 d:\designtool\vs2010\vc\include\stdio.h(363) : 参见“_snprintf”的声明
     1>d:\design\video code\jm_debug\lencod\src\configfile.c(906): warning C4996: '_snprintf': This function or variable may be unsafe. Consider using _snprintf_s instead. To disable deprecation, use _CRT_SECURE_NO_WARNINGS. See online help for details.
                 d:\designtool\vs2010\vc\include\stdio.h(363) : 参见“_snprintf”的声明
     1>d:\design\video code\jm_debug\lencod\src\configfile.c(911): warning C4996: '_snprintf': This function or variable may be unsafe. Consider using _snprintf_s instead. To disable deprecation, use _CRT_SECURE_NO_WARNINGS. See online help for details.
                 d:\designtool\vs2010\vc\include\stdio.h(363) : 参见“_snprintf”的声明
     1>d:\design\video code\jm_debug\lencod\src\configfile.c(916): warning C4996: '_snprintf': This function or variable may be unsafe. Consider using _snprintf_s instead. To disable deprecation, use _CRT_SECURE_NO_WARNINGS. See online help for details.
                 d:\designtool\vs2010\vc\include\stdio.h(363) : 参见“_snprintf”的声明
     1>d:\design\video code\jm_debug\lencod\src\configfile.c(921): warning C4996: '_snprintf': This function or variable may be unsafe. Consider using _snprintf_s instead. To disable deprecation, use _CRT_SECURE_NO_WARNINGS. See online help for details.
                 d:\designtool\vs2010\vc\include\stdio.h(363) : 参见“_snprintf”的声明
     1>d:\design\video code\jm_debug\lencod\src\configfile.c(926): warning C4996: '_snprintf': This function or variable may be unsafe. Consider using _snprintf_s instead. To disable deprecation, use _CRT_SECURE_NO_WARNINGS. See online help for details.
                 d:\designtool\vs2010\vc\include\stdio.h(363) : 参见“_snprintf”的声明
     1>d:\design\video code\jm_debug\lencod\src\configfile.c(931): warning C4996: '_snprintf': This function or variable may be unsafe. Consider using _snprintf_s instead. To disable deprecation, use _CRT_SECURE_NO_WARNINGS. See online help for details.
                 d:\designtool\vs2010\vc\include\stdio.h(363) : 参见“_snprintf”的声明
     1>d:\design\video code\jm_debug\lencod\src\configfile.c(941): warning C4996: '_snprintf': This function or variable may be unsafe. Consider using _snprintf_s instead. To disable deprecation, use _CRT_SECURE_NO_WARNINGS. See online help for details.
                 d:\designtool\vs2010\vc\include\stdio.h(363) : 参见“_snprintf”的声明
     1>d:\design\video code\jm_debug\lencod\src\configfile.c(946): warning C4996: '_snprintf': This function or variable may be unsafe. Consider using _snprintf_s instead. To disable deprecation, use _CRT_SECURE_NO_WARNINGS. See online help for details.
                 d:\designtool\vs2010\vc\include\stdio.h(363) : 参见“_snprintf”的声明
     1>d:\design\video code\jm_debug\lencod\src\configfile.c(951): warning C4996: '_snprintf': This function or variable may be unsafe. Consider using _snprintf_s instead. To disable deprecation, use _CRT_SECURE_NO_WARNINGS. See online help for details.
                 d:\designtool\vs2010\vc\include\stdio.h(363) : 参见“_snprintf”的声明
     1>d:\design\video code\jm_debug\lencod\src\configfile.c(956): warning C4996: '_snprintf': This function or variable may be unsafe. Consider using _snprintf_s instead. To disable deprecation, use _CRT_SECURE_NO_WARNINGS. See online help for details.
                 d:\designtool\vs2010\vc\include\stdio.h(363) : 参见“_snprintf”的声明
     1>d:\design\video code\jm_debug\lencod\src\configfile.c(966): warning C4996: '_snprintf': This function or variable may be unsafe. Consider using _snprintf_s instead. To disable deprecation, use _CRT_SECURE_NO_WARNINGS. See online help for details.
                 d:\designtool\vs2010\vc\include\stdio.h(363) : 参见“_snprintf”的声明
     1>d:\design\video code\jm_debug\lencod\src\configfile.c(972): warning C4996: '_snprintf': This function or variable may be unsafe. Consider using _snprintf_s instead. To disable deprecation, use _CRT_SECURE_NO_WARNINGS. See online help for details.
                 d:\designtool\vs2010\vc\include\stdio.h(363) : 参见“_snprintf”的声明
         context_ini.c
         decoder.c
         fast_me.c
         filehandle.c
     1>d:\design\video code\jm_debug\lencod\inc\contributors.h : warning C4819: 该文件包含不能在当前代码页(936)中表示的字符。请将该文件保存为 Unicode 格式以防止数据丢失
     1>d:\design\video code\jm_debug\lencod\src\filehandle.c(75): warning C4996: '_snprintf': This function or variable may be unsafe. Consider using _snprintf_s instead. To disable deprecation, use _CRT_SECURE_NO_WARNINGS. See online help for details.
                 d:\designtool\vs2010\vc\include\stdio.h(363) : 参见“_snprintf”的声明
     1>d:\design\video code\jm_debug\lencod\src\filehandle.c(122): warning C4996: '_snprintf': This function or variable may be unsafe. Consider using _snprintf_s instead. To disable deprecation, use _CRT_SECURE_NO_WARNINGS. See online help for details.
                 d:\designtool\vs2010\vc\include\stdio.h(363) : 参见“_snprintf”的声明
         fmo.c
         header.c
         image.c
     1>d:\design\video code\jm_debug\lencod\inc\contributors.h : warning C4819: 该文件包含不能在当前代码页(936)中表示的字符。请将该文件保存为 Unicode 格式以防止数据丢失
     1>d:\design\video code\jm_debug\lencod\src\image.c(317): warning C4996: '_ftime64': This function or variable may be unsafe. Consider using _ftime64_s instead. To disable deprecation, use _CRT_SECURE_NO_WARNINGS. See online help for details.
                 d:\designtool\vs2010\vc\include\sys\timeb.h(124) : 参见“_ftime64”的声明
     1>d:\design\video code\jm_debug\lencod\src\image.c(497): warning C4996: '_ftime64': This function or variable may be unsafe. Consider using _ftime64_s instead. To disable deprecation, use _CRT_SECURE_NO_WARNINGS. See online help for details.
                 d:\designtool\vs2010\vc\include\sys\timeb.h(124) : 参见“_ftime64”的声明
     1>d:\design\video code\jm_debug\lencod\src\image.c(502): warning C4244: “=”: 从“time_t”转换到“int”，可能丢失数据
         intrarefresh.c
         leaky_bucket.c
     1>d:\design\video code\jm_debug\lencod\inc\contributors.h : warning C4819: 该文件包含不能在当前代码页(936)中表示的字符。请将该文件保存为 Unicode 格式以防止数据丢失
     1>d:\design\video code\jm_debug\lencod\src\leaky_bucket.c(53): warning C4996: 'fopen': This function or variable may be unsafe. Consider using fopen_s instead. To disable deprecation, use _CRT_SECURE_NO_WARNINGS. See online help for details.
                 d:\designtool\vs2010\vc\include\stdio.h(234) : 参见“fopen”的声明
     1>d:\design\video code\jm_debug\lencod\src\leaky_bucket.c(61): warning C4996: 'fscanf': This function or variable may be unsafe. Consider using fscanf_s instead. To disable deprecation, use _CRT_SECURE_NO_WARNINGS. See online help for details.
                 d:\designtool\vs2010\vc\include\stdio.h(253) : 参见“fscanf”的声明
     1>d:\design\video code\jm_debug\lencod\src\leaky_bucket.c(130): warning C4996: 'fopen': This function or variable may be unsafe. Consider using fopen_s instead. To disable deprecation, use _CRT_SECURE_NO_WARNINGS. See online help for details.
                 d:\designtool\vs2010\vc\include\stdio.h(234) : 参见“fopen”的声明
     1>d:\design\video code\jm_debug\lencod\src\leaky_bucket.c(132): warning C4996: '_snprintf': This function or variable may be unsafe. Consider using _snprintf_s instead. To disable deprecation, use _CRT_SECURE_NO_WARNINGS. See online help for details.
                 d:\designtool\vs2010\vc\include\stdio.h(363) : 参见“_snprintf”的声明
         lencod.c
     1>d:\design\video code\jm_debug\lencod\inc\contributors.h : warning C4819: 该文件包含不能在当前代码页(936)中表示的字符。请将该文件保存为 Unicode 格式以防止数据丢失
     1>d:\design\video code\jm_debug\lencod\src\lencod.c(915): warning C4996: 'fopen': This function or variable may be unsafe. Consider using fopen_s instead. To disable deprecation, use _CRT_SECURE_NO_WARNINGS. See online help for details.
                 d:\designtool\vs2010\vc\include\stdio.h(234) : 参见“fopen”的声明
     1>d:\design\video code\jm_debug\lencod\src\lencod.c(917): warning C4996: '_snprintf': This function or variable may be unsafe. Consider using _snprintf_s instead. To disable deprecation, use _CRT_SECURE_NO_WARNINGS. See online help for details.
                 d:\designtool\vs2010\vc\include\stdio.h(363) : 参见“_snprintf”的声明
     1>d:\design\video code\jm_debug\lencod\src\lencod.c(1114): warning C4996: 'fopen': This function or variable may be unsafe. Consider using fopen_s instead. To disable deprecation, use _CRT_SECURE_NO_WARNINGS. See online help for details.
                 d:\designtool\vs2010\vc\include\stdio.h(234) : 参见“fopen”的声明
     1>d:\design\video code\jm_debug\lencod\src\lencod.c(1116): warning C4996: 'fopen': This function or variable may be unsafe. Consider using fopen_s instead. To disable deprecation, use _CRT_SECURE_NO_WARNINGS. See online help for details.
                 d:\designtool\vs2010\vc\include\stdio.h(234) : 参见“fopen”的声明
     1>d:\design\video code\jm_debug\lencod\src\lencod.c(1118): warning C4996: '_snprintf': This function or variable may be unsafe. Consider using _snprintf_s instead. To disable deprecation, use _CRT_SECURE_NO_WARNINGS. See online help for details.
                 d:\designtool\vs2010\vc\include\stdio.h(363) : 参见“_snprintf”的声明
     1>d:\design\video code\jm_debug\lencod\src\lencod.c(1140): warning C4996: 'fopen': This function or variable may be unsafe. Consider using fopen_s instead. To disable deprecation, use _CRT_SECURE_NO_WARNINGS. See online help for details.
                 d:\designtool\vs2010\vc\include\stdio.h(234) : 参见“fopen”的声明
     1>d:\design\video code\jm_debug\lencod\src\lencod.c(1142): warning C4996: '_snprintf': This function or variable may be unsafe. Consider using _snprintf_s instead. To disable deprecation, use _CRT_SECURE_NO_WARNINGS. See online help for details.
                 d:\designtool\vs2010\vc\include\stdio.h(363) : 参见“_snprintf”的声明
     1>d:\design\video code\jm_debug\lencod\src\lencod.c(1148): warning C4996: '_strdate': This function or variable may be unsafe. Consider using _strdate_s instead. To disable deprecation, use _CRT_SECURE_NO_WARNINGS. See online help for details.
                 d:\designtool\vs2010\vc\include\time.h(177) : 参见“_strdate”的声明
     1>d:\design\video code\jm_debug\lencod\src\lencod.c(1151): warning C4996: '_strtime': This function or variable may be unsafe. Consider using _strtime_s instead. To disable deprecation, use _CRT_SECURE_NO_WARNINGS. See online help for details.
                 d:\designtool\vs2010\vc\include\time.h(181) : 参见“_strtime”的声明
     1>d:\design\video code\jm_debug\lencod\src\lencod.c(1232): warning C4996: 'fopen': This function or variable may be unsafe. Consider using fopen_s instead. To disable deprecation, use _CRT_SECURE_NO_WARNINGS. See online help for details.
                 d:\designtool\vs2010\vc\include\stdio.h(234) : 参见“fopen”的声明
         loopFilter.c
         macroblock.c
     1>d:\design\video code\jm_debug\lencod\inc\contributors.h : warning C4819: 该文件包含不能在当前代码页(936)中表示的字符。请将该文件保存为 Unicode 格式以防止数据丢失
     1>d:\design\video code\jm_debug\lencod\src\macroblock.c(664): warning C4996: '_snprintf': This function or variable may be unsafe. Consider using _snprintf_s instead. To disable deprecation, use _CRT_SECURE_NO_WARNINGS. See online help for details.
                 d:\designtool\vs2010\vc\include\stdio.h(363) : 参见“_snprintf”的声明
     1>d:\design\video code\jm_debug\lencod\src\macroblock.c(3163): warning C4996: 'sprintf': This function or variable may be unsafe. Consider using sprintf_s instead. To disable deprecation, use _CRT_SECURE_NO_WARNINGS. See online help for details.
                 d:\designtool\vs2010\vc\include\stdio.h(371) : 参见“sprintf”的声明
     1>d:\design\video code\jm_debug\lencod\src\macroblock.c(3180): warning C4996: 'sprintf': This function or variable may be unsafe. Consider using sprintf_s instead. To disable deprecation, use _CRT_SECURE_NO_WARNINGS. See online help for details.
                 d:\designtool\vs2010\vc\include\stdio.h(371) : 参见“sprintf”的声明
     1>d:\design\video code\jm_debug\lencod\src\macroblock.c(3190): warning C4996: 'sprintf': This function or variable may be unsafe. Consider using sprintf_s instead. To disable deprecation, use _CRT_SECURE_NO_WARNINGS. See online help for details.
                 d:\designtool\vs2010\vc\include\stdio.h(371) : 参见“sprintf”的声明
     1>d:\design\video code\jm_debug\lencod\src\macroblock.c(3202): warning C4996: 'sprintf': This function or variable may be unsafe. Consider using sprintf_s instead. To disable deprecation, use _CRT_SECURE_NO_WARNINGS. See online help for details.
                 d:\designtool\vs2010\vc\include\stdio.h(371) : 参见“sprintf”的声明
     1>d:\design\video code\jm_debug\lencod\src\macroblock.c(3220): warning C4996: 'sprintf': This function or variable may be unsafe. Consider using sprintf_s instead. To disable deprecation, use _CRT_SECURE_NO_WARNINGS. See online help for details.
                 d:\designtool\vs2010\vc\include\stdio.h(371) : 参见“sprintf”的声明
         mb_access.c
         mbuffer.c
         memalloc.c
     1>d:\design\video code\jm_debug\lencod\src\memalloc.c(359): warning C4996: '_snprintf': This function or variable may be unsafe. Consider using _snprintf_s instead. To disable deprecation, use _CRT_SECURE_NO_WARNINGS. See online help for details.
                 d:\designtool\vs2010\vc\include\stdio.h(363) : 参见“_snprintf”的声明
         正在生成代码...
         正在编译...
         mv-search.c
     1>d:\design\video code\jm_debug\lencod\inc\contributors.h : warning C4819: 该文件包含不能在当前代码页(936)中表示的字符。请将该文件保存为 Unicode 格式以防止数据丢失
     1>d:\design\video code\jm_debug\lencod\src\mv-search.c(1545): warning C4996: '_ftime64': This function or variable may be unsafe. Consider using _ftime64_s instead. To disable deprecation, use _CRT_SECURE_NO_WARNINGS. See online help for details.
                 d:\designtool\vs2010\vc\include\sys\timeb.h(124) : 参见“_ftime64”的声明
     1>d:\design\video code\jm_debug\lencod\src\mv-search.c(1611): warning C4996: '_ftime64': This function or variable may be unsafe. Consider using _ftime64_s instead. To disable deprecation, use _CRT_SECURE_NO_WARNINGS. See online help for details.
                 d:\designtool\vs2010\vc\include\sys\timeb.h(124) : 参见“_ftime64”的声明
     1>d:\design\video code\jm_debug\lencod\src\mv-search.c(1616): warning C4244: “=”: 从“__time64_t”转换到“int”，可能丢失数据
         nal.c
     1>d:\design\video code\jm_debug\lencod\inc\contributors.h : warning C4819: 该文件包含不能在当前代码页(936)中表示的字符。请将该文件保存为 Unicode 格式以防止数据丢失
         nalu.c
         nalucommon.c
         output.c
     1>d:\design\video code\jm_debug\lencod\inc\contributors.h : warning C4819: 该文件包含不能在当前代码页(936)中表示的字符。请将该文件保存为 Unicode 格式以防止数据丢失
         parset.c
     1>d:\design\video code\jm_debug\lencod\inc\contributors.h : warning C4819: 该文件包含不能在当前代码页(936)中表示的字符。请将该文件保存为 Unicode 格式以防止数据丢失
         parsetcommon.c
         ratectl.c
         rdopt.c
         rdopt_coding_state.c
         refbuf.c
         rtp.c
     1>d:\design\video code\jm_debug\lencod\src\rtp.c(305): warning C4996: 'fopen': This function or variable may be unsafe. Consider using fopen_s instead. To disable deprecation, use _CRT_SECURE_NO_WARNINGS. See online help for details.
                 d:\designtool\vs2010\vc\include\stdio.h(234) : 参见“fopen”的声明
         sei.c
         slice.c
     1>d:\design\video code\jm_debug\lencod\inc\contributors.h : warning C4819: 该文件包含不能在当前代码页(936)中表示的字符。请将该文件保存为 Unicode 格式以防止数据丢失
     1>d:\design\video code\jm_debug\lencod\src\slice.c(292): warning C4996: '_snprintf': This function or variable may be unsafe. Consider using _snprintf_s instead. To disable deprecation, use _CRT_SECURE_NO_WARNINGS. See online help for details.
                 d:\designtool\vs2010\vc\include\stdio.h(363) : 参见“_snprintf”的声明
         vlc.c
     1>d:\design\video code\jm_debug\lencod\inc\contributors.h : warning C4819: 该文件包含不能在当前代码页(936)中表示的字符。请将该文件保存为 Unicode 格式以防止数据丢失
         weighted_prediction.c
     1>d:\design\video code\jm_debug\lencod\inc\contributors.h : warning C4819: 该文件包含不能在当前代码页(936)中表示的字符。请将该文件保存为 Unicode 格式以防止数据丢失
         正在生成代码...
       ManifestResourceCompile:
         C:\Program Files (x86)\Microsoft SDKs\Windows\v7.0A\bin\rc.exe /nologo /fo".bin\lencod.exe.embed.manifest.res" .bin\lencod_manifest.rc 
     1>C:\Program Files (x86)\MSBuild\Microsoft.Cpp\v4.0\Microsoft.CppBuild.targets(990,5): warning MSB8012: TargetPath(D:\DESIGN\video code\JM_debug\.bin\lencod.exe) 与 Linker 的 OutputFile 属性值(D:\DESIGN\video code\JM_debug\bin\lencod.exe)不匹配。这可能导致项目生成不正确。若要更正此问题，请确保 $(OutDir)、$(TargetName) 和 $(TargetExt) 属性值与 %(Link.OutputFile) 中指定的值匹配。
       Link:
         d:\DesignTool\vs2010\VC\bin\link.exe /ERRORREPORT:PROMPT /OUT:"./bin/lencod.exe" /INCREMENTAL /NOLOGO odbc32.lib odbccp32.lib kernel32.lib user32.lib gdi32.lib winspool.lib comdlg32.lib advapi32.lib shell32.lib ole32.lib oleaut32.lib uuid.lib odbc32.lib odbccp32.lib /MANIFEST /ManifestFile:".bin\lencod.exe.intermediate.manifest" /MANIFESTUAC:"level='asInvoker' uiAccess='false'" /DEBUG /PDB:"D:\DESIGN\video code\JM_debug\.bin\lencod.pdb" /SUBSYSTEM:CONSOLE /TLBID:1 /DYNAMICBASE /NXCOMPAT /IMPLIB:".bin\lencod.lib" /MACHINE:X86 .bin\lencod.exe.embed.manifest.res
         .\lencod/Debug\annexb.obj
         .\lencod/Debug\biariencode.obj
         .\lencod/Debug\block.obj
         .\lencod/Debug\cabac.obj
         .\lencod/Debug\configfile.obj
         .\lencod/Debug\context_ini.obj
         .\lencod/Debug\decoder.obj
         .\lencod/Debug\fast_me.obj
         .\lencod/Debug\filehandle.obj
         .\lencod/Debug\fmo.obj
         .\lencod/Debug\header.obj
         .\lencod/Debug\image.obj
         .\lencod/Debug\intrarefresh.obj
         .\lencod/Debug\leaky_bucket.obj
         .\lencod/Debug\lencod.obj
         .\lencod/Debug\loopFilter.obj
         .\lencod/Debug\macroblock.obj
         .\lencod/Debug\mb_access.obj
         .\lencod/Debug\mbuffer.obj
         .\lencod/Debug\memalloc.obj
         ".\lencod/Debug\mv-search.obj"
         .\lencod/Debug\nal.obj
         .\lencod/Debug\nalu.obj
         .\lencod/Debug\nalucommon.obj
         .\lencod/Debug\output.obj
         .\lencod/Debug\parset.obj
         .\lencod/Debug\parsetcommon.obj
         .\lencod/Debug\ratectl.obj
         .\lencod/Debug\rdopt.obj
         .\lencod/Debug\rdopt_coding_state.obj
         .\lencod/Debug\refbuf.obj
         .\lencod/Debug\rtp.obj
         .\lencod/Debug\sei.obj
         .\lencod/Debug\slice.obj
         .\lencod/Debug\vlc.obj
         .\lencod/Debug\weighted_prediction.obj
       Manifest:
         C:\Program Files (x86)\Microsoft SDKs\Windows\v7.0A\bin\mt.exe /nologo /verbose /out:".bin\lencod.exe.embed.manifest" /manifest .bin\lencod.exe.intermediate.manifest
         C:\Program Files (x86)\Microsoft SDKs\Windows\v7.0A\bin\rc.exe /nologo /fo".bin\lencod.exe.embed.manifest.res" .bin\lencod_manifest.rc 
       LinkEmbedManifest:
         d:\DesignTool\vs2010\VC\bin\link.exe /ERRORREPORT:PROMPT /OUT:"./bin/lencod.exe" /INCREMENTAL /NOLOGO odbc32.lib odbccp32.lib kernel32.lib user32.lib gdi32.lib winspool.lib comdlg32.lib advapi32.lib shell32.lib ole32.lib oleaut32.lib uuid.lib odbc32.lib odbccp32.lib /MANIFEST /ManifestFile:".bin\lencod.exe.intermediate.manifest" /MANIFESTUAC:"level='asInvoker' uiAccess='false'" /DEBUG /PDB:"D:\DESIGN\video code\JM_debug\.bin\lencod.pdb" /SUBSYSTEM:CONSOLE /TLBID:1 /DYNAMICBASE /NXCOMPAT /IMPLIB:".bin\lencod.lib" /MACHINE:X86 .bin\lencod.exe.embed.manifest.res
         .\lencod/Debug\annexb.obj
         .\lencod/Debug\biariencode.obj
         .\lencod/Debug\block.obj
         .\lencod/Debug\cabac.obj
         .\lencod/Debug\configfile.obj
         .\lencod/Debug\context_ini.obj
         .\lencod/Debug\decoder.obj
         .\lencod/Debug\fast_me.obj
         .\lencod/Debug\filehandle.obj
         .\lencod/Debug\fmo.obj
         .\lencod/Debug\header.obj
         .\lencod/Debug\image.obj
         .\lencod/Debug\intrarefresh.obj
         .\lencod/Debug\leaky_bucket.obj
         .\lencod/Debug\lencod.obj
         .\lencod/Debug\loopFilter.obj
         .\lencod/Debug\macroblock.obj
         .\lencod/Debug\mb_access.obj
         .\lencod/Debug\mbuffer.obj
         .\lencod/Debug\memalloc.obj
         ".\lencod/Debug\mv-search.obj"
         .\lencod/Debug\nal.obj
         .\lencod/Debug\nalu.obj
         .\lencod/Debug\nalucommon.obj
         .\lencod/Debug\output.obj
         .\lencod/Debug\parset.obj
         .\lencod/Debug\parsetcommon.obj
         .\lencod/Debug\ratectl.obj
         .\lencod/Debug\rdopt.obj
         .\lencod/Debug\rdopt_coding_state.obj
         .\lencod/Debug\refbuf.obj
         .\lencod/Debug\rtp.obj
         .\lencod/Debug\sei.obj
         .\lencod/Debug\slice.obj
         .\lencod/Debug\vlc.obj
         .\lencod/Debug\weighted_prediction.obj
         lencod.vcxproj -> D:\DESIGN\video code\JM_debug\.bin\lencod.exe
       BscMake:
         d:\DesignTool\vs2010\VC\bin\bscmake.exe /nologo /o".\lencod/Debug\lencod.bsc" .bin\annexb.sbr .bin\biariencode.sbr .bin\block.sbr .bin\cabac.sbr .bin\configfile.sbr .bin\context_ini.sbr .bin\decoder.sbr .bin\fast_me.sbr .bin\filehandle.sbr .bin\fmo.sbr .bin\header.sbr .bin\image.sbr .bin\intrarefresh.sbr .bin\leaky_bucket.sbr .bin\lencod.sbr .bin\loopFilter.sbr .bin\macroblock.sbr .bin\mb_access.sbr .bin\mbuffer.sbr .bin\memalloc.sbr ".bin\mv-search.sbr" .bin\nal.sbr .bin\nalu.sbr .bin\nalucommon.sbr .bin\output.sbr .bin\parset.sbr .bin\parsetcommon.sbr .bin\ratectl.sbr .bin\rdopt.sbr .bin\rdopt_coding_state.sbr .bin\refbuf.sbr .bin\rtp.sbr .bin\sei.sbr .bin\slice.sbr .bin\vlc.sbr .bin\weighted_prediction.sbr
       FinalizeBuildStatus:
         正在删除文件“.bin\lencod.unsuccessfulbuild”。
         正在对“.bin\lencod.lastbuildstate”执行 Touch 任务。
     1>已完成生成项目“D:\DESIGN\video code\JM_debug\lencod.vcxproj”(build 个目标)的操作。

生成成功。

已用时间 00:00:11.03
